<?xml version="1.0" encoding="UTF-8"?>
<!-- Generated by org.testng.reporters.JUnitReportReporter -->
<testsuite hostname="AnmolPC" failures="0" tests="8" name="testcases.RegressionTest" time="213.761" errors="0" timestamp="18 May 2021 15:03:43 GMT" skipped="0">
  <testcase classname="testcases.RegressionTest" name="launchURL" time="33.673"/>
  <testcase classname="testcases.RegressionTest" name="launchURL" time="41.538"/>
  <testcase classname="testcases.RegressionTest" name="upBikes" time="33.164"/>
  <testcase classname="testcases.RegressionTest" name="upBikes" time="36.749"/>
  <testcase classname="testcases.RegressionTest" name="usedCars" time="9.521"/>
  <testcase classname="testcases.RegressionTest" name="usedCars" time="15.316"/>
  <testcase classname="testcases.RegressionTest" name="googleSignIn" time="8.887"/>
  <testcase classname="testcases.RegressionTest" name="googleSignIn" time="34.913"/>
</testsuite> <!-- testcases.RegressionTest -->
