<?xml version="1.0" encoding="UTF-8"?>
<!-- Generated by org.testng.reporters.JUnitReportReporter -->
<testsuite hostname="AnmolPC" failures="0" tests="6" name="testcases.SmokeTest" time="220.776" errors="0" timestamp="18 May 2021 14:54:13 GMT" skipped="0">
  <testcase classname="testcases.SmokeTest" name="launchURL" time="76.295"/>
  <testcase classname="testcases.SmokeTest" name="launchURL" time="49.915"/>
  <testcase classname="testcases.SmokeTest" name="upBikes" time="37.262"/>
  <testcase classname="testcases.SmokeTest" name="upBikes" time="17.667"/>
  <testcase classname="testcases.SmokeTest" name="usedCars" time="19.740"/>
  <testcase classname="testcases.SmokeTest" name="usedCars" time="19.897"/>
</testsuite> <!-- testcases.SmokeTest -->
